<?xml version="1.0" encoding="UTF-8"?>
<testsuite name="mock1.BusinessWithMockTest" tests="1" skipped="0" failures="0" errors="0" timestamp="2022-11-30T15:45:19" hostname="tom-ubuntu" time="0.015">
  <properties/>
  <testcase name="testNextDayComputesTomorrow()" classname="mock1.BusinessWithMockTest" time="0.015"/>
  <system-out><![CDATA[]]></system-out>
  <system-err><![CDATA[]]></system-err>
</testsuite>
